<?xml version="1.0" encoding="utf-8"?><testsuites><testsuite name="pytest" errors="0" failures="0" skipped="0" tests="7" time="25.567" timestamp="2021-09-14T01:04:19.859590" hostname="DESKTOP-M81J6B6"><testcase classname="test_e2e.TestOne" name="test_e2e" time="11.943" /><testcase classname="test_homepage.TestHomePage" name="test_formsubmission[getdata0]" time="4.923" /><testcase classname="test_homepage.TestHomePage" name="test_formsubmission[getdata1]" time="0.972" /><testcase classname="test_homepage.TestHomePage" name="test_formsubmission[getdata2]" time="1.123" /><testcase classname="test_homepage1.TestHomePage" name="test_formsubmission[getdata0]" time="4.384" /><testcase classname="test_homepage1.TestHomePage" name="test_formsubmission[getdata1]" time="1.006" /><testcase classname="test_homepage1.TestHomePage" name="test_formsubmission[getdata2]" time="1.079" /></testsuite></testsuites>